<?xml version="1.0" encoding="UTF-8"?>
<testng-results ignored="0" total="4" passed="4" failed="0" skipped="0">
  <reporter-output>
  </reporter-output>
  <suite started-at="2022-10-30T13:18:39 EDT" name="PetSuite" finished-at="2022-10-30T13:18:49 EDT" duration-ms="9264">
    <groups>
    </groups>
    <test started-at="2022-10-30T13:18:39 EDT" name="PetTests" finished-at="2022-10-30T13:18:49 EDT" duration-ms="9264">
      <class name="api.test.UserTests2">
        <test-method is-config="true" signature="setup()[pri:0, instance:api.test.UserTests2@4f209819]" started-at="2022-10-30T13:18:40 EDT" name="setup" finished-at="2022-10-30T13:18:42 EDT" duration-ms="2324" status="PASS">
          <reporter-output>
          </reporter-output>
        </test-method> <!-- setup -->
        <test-method signature="testPostUser()[pri:1, instance:api.test.UserTests2@4f209819]" started-at="2022-10-30T13:18:42 EDT" name="testPostUser" finished-at="2022-10-30T13:18:48 EDT" duration-ms="5179" status="PASS">
          <reporter-output>
          </reporter-output>
        </test-method> <!-- testPostUser -->
        <test-method signature="testGetUserByName()[pri:2, instance:api.test.UserTests2@4f209819]" started-at="2022-10-30T13:18:48 EDT" name="testGetUserByName" finished-at="2022-10-30T13:18:48 EDT" duration-ms="334" status="PASS">
          <reporter-output>
          </reporter-output>
        </test-method> <!-- testGetUserByName -->
        <test-method signature="testUpdateUserByName()[pri:3, instance:api.test.UserTests2@4f209819]" started-at="2022-10-30T13:18:48 EDT" name="testUpdateUserByName" finished-at="2022-10-30T13:18:48 EDT" duration-ms="475" status="PASS">
          <reporter-output>
          </reporter-output>
        </test-method> <!-- testUpdateUserByName -->
        <test-method signature="testDeleteUserByName()[pri:4, instance:api.test.UserTests2@4f209819]" started-at="2022-10-30T13:18:48 EDT" name="testDeleteUserByName" finished-at="2022-10-30T13:18:49 EDT" duration-ms="211" status="PASS">
          <reporter-output>
          </reporter-output>
        </test-method> <!-- testDeleteUserByName -->
      </class> <!-- api.test.UserTests2 -->
    </test> <!-- PetTests -->
  </suite> <!-- PetSuite -->
</testng-results>
