<?xml version="1.0" encoding="UTF-8"?>
<!-- Generated by org.testng.reporters.JUnitXMLReporter -->
<testsuite ignored="0" hostname="DESKTOP-EDKNOOU" failures="0" tests="4" name="PetTests" time="9.264" errors="0" timestamp="2022-10-30T13:18:50 EDT">
  <testcase classname="api.test.UserTests2" name="testPostUser" time="5.179"/>
  <testcase classname="api.test.UserTests2" name="testGetUserByName" time="0.334"/>
  <testcase classname="api.test.UserTests2" name="testUpdateUserByName" time="0.475"/>
  <testcase classname="api.test.UserTests2" name="testDeleteUserByName" time="0.211"/>
</testsuite> <!-- PetTests -->
